<?xml version="1.0" encoding="UTF-8"?>
<testsuite xmlns:xsi="http://www.w3.org/2001/XMLSchema-instance" xsi:noNamespaceSchemaLocation="https://maven.apache.org/surefire/maven-failsafe-plugin/xsd/failsafe-test-report.xsd" name="Login Sauce Demo" time="27.185" tests="2" errors="0" skipped="0" failures="0">
  <properties>
[...]
</properties>
  <testcase name="Login con credenciales válidas" classname="Login Sauce Demo" time="14.412"/>
  <testcase name="Login con usuario bloqueado" classname="Login Sauce Demo" time="12.771"/>
</testsuite>