<?xml version="1.0" encoding="UTF-8" standalone="no"?><testsuite errors="0" failures="3" name="My demo App" skipped="0" tests="3" time="51.09" timestamp="2024-12-20 06:12:19"><testcase name="Validar la funcionalidad del carrito de compras"><failure message="The page object class com.nttdata.screens.CarritoScreen could not be instantiated:&#10;Failed to instantiate page (net.thucydides.core.webdriver.DriverConfigurationError: Could not instantiate class io.appium.java_client.AppiumDriver)" type="net.thucydides.core.pages.WrongPageError">The page object class com.nttdata.screens.CarritoScreen could not be instantiated:
Failed to instantiate page (net.thucydides.core.webdriver.DriverConfigurationError: Could not instantiate class io.appium.java_client.AppiumDriver)</failure><system-err>The page object class com.nttdata.screens.CarritoScreen could not be instantiated:
Failed to instantiate page (net.thucydides.core.webdriver.DriverConfigurationError: Could not instantiate class io.appium.java_client.AppiumDriver)&#13;
net.thucydides.core.pages.PageFactory.thisPageObjectLooksDodgy(PageFactory.java:103)&#13;
net.thucydides.core.pages.PageFactory.createPageOfType(PageFactory.java:54)&#13;
net.thucydides.core.steps.PageObjectDependencyInjector.instantiatePageObjectIfNotAssigned(PageObjectDependencyInjector.java:82)&#13;
net.thucydides.core.steps.PageObjectDependencyInjector.injectDependenciesInto(PageObjectDependencyInjector.java:50)&#13;
net.thucydides.core.steps.StepFactory.injectOtherDependenciesInto(StepFactory.java:208)&#13;
net.thucydides.core.steps.StepFactory.instantiateNewStepLibraryFor(StepFactory.java:198)&#13;
net.thucydides.core.steps.StepFactory.instantiateNewStepLibraryFor(StepFactory.java:179)&#13;
net.thucydides.core.steps.StepFactory.getNewStepLibraryFor(StepFactory.java:126)&#13;
net.thucydides.core.steps.IndividualInstancesByDefaultStepCreationStrategy.initiateStepsFor(IndividualInstancesByDefaultStepCreationStrategy.java:16)&#13;
net.thucydides.core.steps.StepAnnotations.instantiateAnyUnitiaializedSteps(StepAnnotations.java:89)&#13;
net.thucydides.core.steps.StepAnnotations.instanciateScenarioStepFields(StepAnnotations.java:70)&#13;
net.thucydides.core.steps.StepAnnotations.injectScenarioStepsInto(StepAnnotations.java:52)&#13;
io.cucumber.java.AbstractGlueDefinition.invokeMethod(AbstractGlueDefinition.java:47)&#13;
io.cucumber.java.JavaStepDefinition.execute(JavaStepDefinition.java:29)&#13;
io.cucumber.core.runner.CoreStepDefinition.execute(CoreStepDefinition.java:66)&#13;
io.cucumber.core.runner.PickleStepDefinitionMatch.runStep(PickleStepDefinitionMatch.java:63)&#13;
io.cucumber.core.runner.TestStep.executeStep(TestStep.java:84)&#13;
io.cucumber.core.runner.TestStep.run(TestStep.java:56)&#13;
io.cucumber.core.runner.PickleStepTestStep.run(PickleStepTestStep.java:51)&#13;
io.cucumber.core.runner.TestCase.run(TestCase.java:84)&#13;
io.cucumber.core.runner.Runner.runPickle(Runner.java:75)&#13;
io.cucumber.core.runtime.CucumberExecutionContext.lambda$runTestCase$5(CucumberExecutionContext.java:137)&#13;
io.cucumber.core.runtime.RethrowingThrowableCollector.executeAndThrow(RethrowingThrowableCollector.java:23)&#13;
io.cucumber.core.runtime.CucumberExecutionContext.runTestCase(CucumberExecutionContext.java:137)&#13;
io.cucumber.junit.FeatureRunner.runChild(FeatureRunner.java:144)&#13;
io.cucumber.junit.FeatureRunner.runChild(FeatureRunner.java:28)&#13;
io.cucumber.junit.FeatureRunner.run(FeatureRunner.java:137)&#13;
io.cucumber.junit.CucumberSerenityBaseRunner.runChild(CucumberSerenityBaseRunner.java:332)&#13;
io.cucumber.junit.CucumberSerenityBaseRunner.runChild(CucumberSerenityBaseRunner.java:53)&#13;
</system-err></testcase></testsuite>